TN:
SF:src/app.ts
FNF:0
FNH:0
DA:1,1
DA:2,1
DA:3,1
DA:4,1
DA:5,1
DA:6,1
DA:7,1
DA:8,1
DA:9,1
DA:10,1
DA:11,0
DA:12,0
DA:13,0
DA:14,0
DA:15,0
DA:16,0
DA:17,0
DA:18,0
DA:19,0
DA:20,0
DA:21,0
DA:22,0
DA:23,1
DA:24,1
DA:25,1
DA:26,1
DA:27,1
LF:27
LH:15
BRF:0
BRH:0
end_of_record
TN:
SF:src/data-source.ts
FNF:0
FNH:0
DA:1,1
DA:2,1
DA:3,1
DA:4,1
DA:5,1
DA:6,1
DA:7,1
DA:8,1
DA:9,1
DA:10,1
DA:11,1
DA:12,1
DA:13,1
DA:14,1
DA:15,1
DA:16,0
DA:17,0
DA:18,0
DA:19,0
DA:20,0
DA:21,0
DA:22,0
DA:23,0
DA:24,0
DA:25,0
DA:26,0
DA:27,0
DA:28,1
DA:29,1
DA:30,1
DA:31,1
DA:32,1
DA:33,1
DA:34,1
DA:35,1
DA:36,1
DA:37,1
DA:38,1
DA:39,1
DA:40,1
DA:41,1
DA:42,1
DA:43,1
DA:44,1
DA:45,1
DA:46,1
DA:47,1
DA:48,1
DA:49,1
DA:50,1
DA:51,1
LF:51
LH:39
BRDA:15,0,0,0
BRF:1
BRH:0
end_of_record
TN:
SF:src/controllers/buy/buyCreateController.ts
FN:5,buyCreateController
FNF:1
FNH:0
FNDA:0,buyCreateController
DA:1,1
DA:2,1
DA:3,1
DA:4,1
DA:5,1
DA:6,0
DA:7,0
DA:8,0
DA:9,0
DA:10,0
DA:11,0
DA:12,0
DA:13,0
DA:14,0
DA:15,0
DA:16,0
DA:17,0
DA:18,1
DA:19,1
LF:19
LH:7
BRF:0
BRH:0
end_of_record
TN:
SF:src/controllers/cart/cartAddProd.controller.ts
FN:5,cartAddProdControle
FNF:1
FNH:0
FNDA:0,cartAddProdControle
DA:1,1
DA:2,1
DA:3,1
DA:4,1
DA:5,1
DA:6,0
DA:7,0
DA:8,0
DA:9,0
DA:10,0
DA:11,0
DA:12,0
DA:13,0
DA:14,0
DA:15,0
DA:16,0
DA:17,0
DA:18,0
DA:19,0
DA:20,1
DA:21,1
LF:21
LH:7
BRF:0
BRH:0
end_of_record
TN:
SF:src/controllers/cart/cartDelProd.controller.ts
FN:5,cartDelProdControle
FNF:1
FNH:0
FNDA:0,cartDelProdControle
DA:1,1
DA:2,1
DA:3,1
DA:4,1
DA:5,1
DA:6,0
DA:7,0
DA:8,0
DA:9,0
DA:10,0
DA:11,0
DA:12,0
DA:13,0
DA:14,0
DA:15,0
DA:16,0
DA:17,0
DA:18,0
DA:19,0
DA:20,1
DA:21,1
LF:21
LH:7
BRF:0
BRH:0
end_of_record
TN:
SF:src/controllers/product/productCreate.controller.ts
FN:6,productCreateController
FNF:1
FNH:0
FNDA:0,productCreateController
DA:1,1
DA:2,1
DA:3,1
DA:4,1
DA:5,1
DA:6,1
DA:7,0
DA:8,0
DA:9,0
DA:10,0
DA:11,0
DA:12,0
DA:13,0
DA:14,0
DA:15,0
DA:16,0
DA:17,0
DA:18,0
DA:19,1
DA:20,1
LF:20
LH:8
BRF:0
BRH:0
end_of_record
TN:
SF:src/controllers/product/productDeleteSelf.controller.ts
FN:5,productDeleteSelfController
FNF:1
FNH:0
FNDA:0,productDeleteSelfController
DA:1,1
DA:2,1
DA:3,1
DA:4,1
DA:5,1
DA:6,0
DA:7,0
DA:8,0
DA:9,0
DA:10,0
DA:11,0
DA:12,0
DA:13,0
DA:14,0
DA:15,0
DA:16,0
DA:17,1
DA:18,1
LF:18
LH:7
BRF:0
BRH:0
end_of_record
TN:
SF:src/controllers/product/productList.controller.ts
FN:6,productListController
FNF:1
FNH:0
FNDA:0,productListController
DA:1,1
DA:2,1
DA:3,1
DA:4,1
DA:5,1
DA:6,1
DA:7,0
DA:8,0
DA:9,0
DA:10,0
DA:11,0
DA:12,0
DA:13,0
DA:14,0
DA:15,0
DA:16,0
DA:17,1
DA:18,1
LF:18
LH:8
BRF:0
BRH:0
end_of_record
TN:
SF:src/controllers/product/productListOne.controller.ts
FN:5,productListOneController
FNF:1
FNH:0
FNDA:0,productListOneController
DA:1,1
DA:2,1
DA:3,1
DA:4,1
DA:5,1
DA:6,0
DA:7,0
DA:8,0
DA:9,0
DA:10,0
DA:11,0
DA:12,0
DA:13,0
DA:14,0
DA:15,0
DA:16,0
DA:17,1
DA:18,1
LF:18
LH:7
BRF:0
BRH:0
end_of_record
TN:
SF:src/controllers/product/productUpdate.controller.ts
FN:6,productUpdateController
FNF:1
FNH:0
FNDA:0,productUpdateController
DA:1,1
DA:2,1
DA:3,1
DA:4,1
DA:5,1
DA:6,1
DA:7,0
DA:8,0
DA:9,0
DA:10,0
DA:11,0
DA:12,0
DA:13,0
DA:14,0
DA:15,0
DA:16,0
DA:17,0
DA:18,0
DA:19,1
DA:20,1
LF:20
LH:8
BRF:0
BRH:0
end_of_record
TN:
SF:src/controllers/user/userCreate.controller.ts
FN:5,userCreateControle
FNF:1
FNH:1
FNDA:1,userCreateControle
DA:1,1
DA:2,1
DA:3,1
DA:4,1
DA:5,1
DA:6,1
DA:7,1
DA:8,1
DA:9,1
DA:10,1
DA:11,1
DA:12,1
DA:13,0
DA:14,0
DA:15,0
DA:16,0
DA:17,1
DA:18,1
DA:19,1
LF:19
LH:15
BRDA:5,0,0,1
BRDA:5,1,0,1
BRDA:12,2,0,0
BRF:3
BRH:2
end_of_record
TN:
SF:src/controllers/user/userDeleteSelf.controller.ts
FN:5,userDeleteSelfController
FNF:1
FNH:0
FNDA:0,userDeleteSelfController
DA:1,1
DA:2,1
DA:3,1
DA:4,1
DA:5,1
DA:6,0
DA:7,0
DA:8,0
DA:9,0
DA:10,0
DA:11,0
DA:12,0
DA:13,0
DA:14,0
DA:15,0
DA:16,0
DA:17,1
DA:18,1
LF:18
LH:7
BRF:0
BRH:0
end_of_record
TN:
SF:src/controllers/user/userList.controller.ts
FN:5,userListController
FNF:1
FNH:1
FNDA:1,userListController
DA:1,1
DA:2,1
DA:3,1
DA:4,1
DA:5,1
DA:6,1
DA:7,1
DA:8,1
DA:9,1
DA:10,1
DA:11,0
DA:12,0
DA:13,0
DA:14,0
DA:15,1
DA:16,1
DA:17,1
LF:17
LH:13
BRDA:5,0,0,1
BRDA:5,1,0,1
BRDA:10,2,0,0
BRF:3
BRH:2
end_of_record
TN:
SF:src/controllers/user/userListOne.controller.ts
FN:5,userListOneController
FNF:1
FNH:0
FNDA:0,userListOneController
DA:1,1
DA:2,1
DA:3,1
DA:4,1
DA:5,1
DA:6,0
DA:7,0
DA:8,0
DA:9,0
DA:10,0
DA:11,0
DA:12,0
DA:13,0
DA:14,0
DA:15,0
DA:16,0
DA:17,1
DA:18,1
LF:18
LH:7
BRF:0
BRH:0
end_of_record
TN:
SF:src/controllers/user/userLogin.controller.ts
FN:5,userLoginController
FNF:1
FNH:1
FNDA:1,userLoginController
DA:1,1
DA:2,1
DA:3,1
DA:4,1
DA:5,1
DA:6,1
DA:7,1
DA:8,1
DA:9,1
DA:10,1
DA:11,1
DA:12,0
DA:13,0
DA:14,0
DA:15,0
DA:16,1
DA:17,1
DA:18,1
LF:18
LH:14
BRDA:5,0,0,1
BRDA:5,1,0,1
BRDA:11,2,0,0
BRF:3
BRH:2
end_of_record
TN:
SF:src/controllers/user/userUpdate.controller.ts
FN:5,userUpdateController
FNF:1
FNH:0
FNDA:0,userUpdateController
DA:1,1
DA:2,1
DA:3,1
DA:4,1
DA:5,1
DA:6,0
DA:7,0
DA:8,0
DA:9,0
DA:10,0
DA:11,0
DA:12,0
DA:13,0
DA:14,0
DA:15,0
DA:16,0
DA:17,0
DA:18,0
DA:19,0
DA:20,0
DA:21,0
DA:22,1
DA:23,1
LF:23
LH:7
BRF:0
BRH:0
end_of_record
TN:
SF:src/entities/buy.entity.ts
FN:30,Buy
FN:21,Object.<anonymous>.__decorate.eager
FNF:2
FNH:2
FNDA:5,Buy
FNDA:3,Object.<anonymous>.__decorate.eager
DA:1,1
DA:2,1
DA:3,1
DA:4,1
DA:5,1
DA:6,1
DA:7,1
DA:8,1
DA:9,1
DA:10,1
DA:11,1
DA:12,1
DA:13,1
DA:14,1
DA:15,1
DA:16,1
DA:17,1
DA:18,1
DA:19,1
DA:20,1
DA:21,1
DA:22,1
DA:23,1
DA:24,1
DA:25,1
DA:26,1
DA:27,1
DA:28,1
DA:29,1
DA:30,1
DA:31,5
DA:32,5
DA:33,5
DA:34,5
DA:35,1
LF:35
LH:35
BRDA:30,0,0,5
BRDA:18,1,0,3
BRDA:18,2,0,3
BRDA:21,3,0,3
BRF:4
BRH:4
end_of_record
TN:
SF:src/entities/cart.entity.ts
FN:19,Cart
FN:13,Object.<anonymous>.__decorate.eager
FNF:2
FNH:2
FNDA:11,Cart
FNDA:3,Object.<anonymous>.__decorate.eager
DA:1,1
DA:2,1
DA:3,1
DA:4,1
DA:5,1
DA:6,1
DA:7,1
DA:8,1
DA:9,1
DA:10,1
DA:11,1
DA:12,1
DA:13,1
DA:14,1
DA:15,1
DA:16,1
DA:17,1
DA:18,1
DA:19,1
DA:20,11
DA:21,11
DA:22,11
DA:23,11
DA:24,1
LF:24
LH:24
BRDA:19,0,0,11
BRDA:13,1,0,3
BRF:2
BRH:2
end_of_record
TN:
SF:src/entities/product.entity.ts
FN:18,Product
FNF:1
FNH:1
FNDA:7,Product
DA:1,1
DA:2,1
DA:3,1
DA:4,1
DA:5,1
DA:6,1
DA:7,1
DA:8,1
DA:9,1
DA:10,1
DA:11,1
DA:12,1
DA:13,1
DA:14,1
DA:15,1
DA:16,1
DA:17,1
DA:18,1
DA:19,7
DA:20,7
DA:21,7
DA:22,7
DA:23,1
LF:23
LH:23
BRDA:18,0,0,7
BRF:1
BRH:1
end_of_record
TN:
SF:src/entities/user.entity.ts
FN:38,User
FN:27,Object.<anonymous>.__decorate.eager
FN:27,Object.<anonymous>.__decorate.eager
FN:32,Object.<anonymous>.__decorate.eager
FNF:4
FNH:4
FNDA:9,User
FNDA:3,Object.<anonymous>.__decorate.eager
FNDA:3,Object.<anonymous>.__decorate.eager
FNDA:3,Object.<anonymous>.__decorate.eager
DA:1,1
DA:2,1
DA:3,1
DA:4,1
DA:5,1
DA:6,1
DA:7,1
DA:8,1
DA:9,1
DA:10,1
DA:11,1
DA:12,1
DA:13,1
DA:14,1
DA:15,1
DA:16,1
DA:17,1
DA:18,1
DA:19,1
DA:20,1
DA:21,1
DA:22,1
DA:23,1
DA:24,1
DA:25,1
DA:26,1
DA:27,1
DA:28,1
DA:29,1
DA:30,1
DA:31,1
DA:32,1
DA:33,1
DA:34,1
DA:35,1
DA:36,1
DA:37,1
DA:38,1
DA:39,9
DA:40,9
DA:41,9
DA:42,9
DA:43,1
LF:43
LH:43
BRDA:38,0,0,9
BRDA:27,1,0,3
BRDA:27,2,0,3
BRDA:32,3,0,3
BRF:4
BRH:4
end_of_record
TN:
SF:src/errors/appError.ts
FN:6,AppError
FN:13,handleError
FNF:2
FNH:0
FNDA:0,AppError
FNDA:0,handleError
DA:1,1
DA:2,1
DA:3,1
DA:4,1
DA:5,1
DA:6,1
DA:7,0
DA:8,0
DA:9,0
DA:10,0
DA:11,1
DA:12,1
DA:13,1
DA:14,0
DA:15,0
DA:16,0
DA:17,0
DA:18,0
DA:19,0
DA:20,0
DA:21,0
LF:21
LH:9
BRF:0
BRH:0
end_of_record
TN:
SF:src/middlewares/userAuth.middleware.ts
FN:5,userAuth
FNF:1
FNH:1
FNDA:1,userAuth
DA:1,1
DA:2,1
DA:3,1
DA:4,1
DA:5,1
DA:6,1
DA:7,1
DA:8,1
DA:9,1
DA:10,1
DA:11,1
DA:12,1
DA:13,1
DA:14,1
DA:15,1
DA:16,1
DA:17,1
DA:18,0
DA:19,0
DA:20,0
DA:21,1
LF:21
LH:18
BRDA:5,0,0,1
BRDA:7,1,0,0
BRDA:17,2,0,0
BRDA:12,3,0,1
BRF:4
BRH:2
end_of_record
TN:
SF:src/routes/buy.routes.ts
FN:7,buyRoutes
FNF:1
FNH:1
FNDA:1,buyRoutes
DA:1,1
DA:2,1
DA:3,1
DA:4,1
DA:5,1
DA:6,1
DA:7,1
DA:8,1
DA:9,1
DA:10,1
DA:11,1
LF:11
LH:11
BRDA:7,0,0,1
BRF:1
BRH:1
end_of_record
TN:
SF:src/routes/cart.routes.ts
FN:8,cartRoutes
FNF:1
FNH:1
FNDA:1,cartRoutes
DA:1,1
DA:2,1
DA:3,1
DA:4,1
DA:5,1
DA:6,1
DA:7,1
DA:8,1
DA:9,1
DA:10,1
DA:11,1
DA:12,1
LF:12
LH:12
BRDA:8,0,0,1
BRF:1
BRH:1
end_of_record
TN:
SF:src/routes/index.ts
FN:7,appRoutes
FNF:1
FNH:1
FNDA:1,appRoutes
DA:1,1
DA:2,1
DA:3,1
DA:4,1
DA:5,1
DA:6,1
DA:7,1
DA:8,1
DA:9,1
DA:10,1
DA:11,1
DA:12,1
LF:12
LH:12
BRDA:7,0,0,1
BRF:1
BRH:1
end_of_record
TN:
SF:src/routes/product.routes.ts
FN:10,productRoutes
FNF:1
FNH:1
FNDA:1,productRoutes
DA:1,1
DA:2,1
DA:3,1
DA:4,1
DA:5,1
DA:6,1
DA:7,1
DA:8,1
DA:9,1
DA:10,1
DA:11,1
DA:12,1
DA:13,1
DA:14,1
DA:15,1
DA:16,1
DA:17,1
LF:17
LH:17
BRDA:10,0,0,1
BRF:1
BRH:1
end_of_record
TN:
SF:src/routes/user.routes.ts
FN:13,userRoutes
FNF:1
FNH:1
FNDA:1,userRoutes
DA:1,1
DA:2,1
DA:3,1
DA:4,1
DA:5,1
DA:6,1
DA:7,1
DA:8,1
DA:9,1
DA:10,1
DA:11,1
DA:12,1
DA:13,1
DA:14,1
DA:15,1
DA:16,1
DA:17,1
DA:18,1
DA:19,1
DA:20,1
DA:21,1
DA:22,1
DA:23,1
LF:23
LH:23
BRDA:13,0,0,1
BRF:1
BRH:1
end_of_record
TN:
SF:src/services/buy/buyCreate.service.ts
FN:8,buyCreateService
FNF:1
FNH:0
FNDA:0,buyCreateService
DA:1,1
DA:2,1
DA:3,1
DA:4,1
DA:5,1
DA:6,1
DA:7,1
DA:8,1
DA:9,0
DA:10,0
DA:11,0
DA:12,0
DA:13,0
DA:14,0
DA:15,0
DA:16,0
DA:17,0
DA:18,0
DA:19,0
DA:20,0
DA:21,0
DA:22,0
DA:23,0
DA:24,0
DA:25,0
DA:26,0
DA:27,0
DA:28,0
DA:29,0
DA:30,0
DA:31,0
DA:32,0
DA:33,0
DA:34,0
DA:35,0
DA:36,0
DA:37,0
DA:38,0
DA:39,1
DA:40,1
LF:40
LH:10
BRF:0
BRH:0
end_of_record
TN:
SF:src/services/cart/cartAddProd.service.ts
FN:8,cartAddProdService
FNF:1
FNH:0
FNDA:0,cartAddProdService
DA:1,1
DA:2,1
DA:3,1
DA:4,1
DA:5,1
DA:6,1
DA:7,1
DA:8,1
DA:9,0
DA:10,0
DA:11,0
DA:12,0
DA:13,0
DA:14,0
DA:15,0
DA:16,0
DA:17,0
DA:18,0
DA:19,0
DA:20,0
DA:21,0
DA:22,0
DA:23,0
DA:24,0
DA:25,0
DA:26,0
DA:27,0
DA:28,0
DA:29,0
DA:30,0
DA:31,0
DA:32,0
DA:33,0
DA:34,0
DA:35,0
DA:36,0
DA:37,0
DA:38,0
DA:39,1
DA:40,1
LF:40
LH:10
BRF:0
BRH:0
end_of_record
TN:
SF:src/services/cart/cartDelProd.service.ts
FN:7,cartDelProdService
FNF:1
FNH:0
FNDA:0,cartDelProdService
DA:1,1
DA:2,1
DA:3,1
DA:4,1
DA:5,1
DA:6,1
DA:7,1
DA:8,0
DA:9,0
DA:10,0
DA:11,0
DA:12,0
DA:13,0
DA:14,0
DA:15,0
DA:16,0
DA:17,0
DA:18,0
DA:19,0
DA:20,0
DA:21,0
DA:22,0
DA:23,0
DA:24,0
DA:25,0
DA:26,0
DA:27,0
DA:28,0
DA:29,1
DA:30,1
LF:30
LH:9
BRF:0
BRH:0
end_of_record
TN:
SF:src/services/products/productCreate.service.ts
FN:6,productCreateService
FNF:1
FNH:0
FNDA:0,productCreateService
DA:1,1
DA:2,1
DA:3,1
DA:4,1
DA:5,1
DA:6,1
DA:7,0
DA:8,0
DA:9,0
DA:10,0
DA:11,0
DA:12,0
DA:13,0
DA:14,0
DA:15,0
DA:16,0
DA:17,0
DA:18,0
DA:19,0
DA:20,0
DA:21,0
DA:22,0
DA:23,0
DA:24,0
DA:25,0
DA:26,0
DA:27,0
DA:28,0
DA:29,1
DA:30,1
LF:30
LH:8
BRF:0
BRH:0
end_of_record
TN:
SF:src/services/products/productDeleteSelf.service.ts
FN:4,productDeleteSelfService
FNF:1
FNH:0
FNDA:0,productDeleteSelfService
DA:1,1
DA:2,1
DA:3,1
DA:4,1
DA:5,0
DA:6,0
DA:7,0
DA:8,0
DA:9,0
DA:10,0
DA:11,0
DA:12,0
DA:13,1
DA:14,1
LF:14
LH:6
BRF:0
BRH:0
end_of_record
TN:
SF:src/services/products/productList.service.ts
FN:4,productListService
FNF:1
FNH:0
FNDA:0,productListService
DA:1,1
DA:2,1
DA:3,1
DA:4,1
DA:5,0
DA:6,0
DA:7,0
DA:8,0
DA:9,0
DA:10,0
DA:11,1
DA:12,1
LF:12
LH:6
BRF:0
BRH:0
end_of_record
TN:
SF:src/services/products/productListOne.service.ts
FN:4,productListOneService
FNF:1
FNH:0
FNDA:0,productListOneService
DA:1,1
DA:2,1
DA:3,1
DA:4,1
DA:5,0
DA:6,0
DA:7,0
DA:8,0
DA:9,0
DA:10,0
DA:11,1
DA:12,1
LF:12
LH:6
BRF:0
BRH:0
end_of_record
TN:
SF:src/services/products/productUpdate.service.ts
FN:6,productUpdateService
FNF:1
FNH:0
FNDA:0,productUpdateService
DA:1,1
DA:2,1
DA:3,1
DA:4,1
DA:5,1
DA:6,1
DA:7,0
DA:8,0
DA:9,0
DA:10,0
DA:11,0
DA:12,0
DA:13,0
DA:14,0
DA:15,0
DA:16,0
DA:17,0
DA:18,0
DA:19,0
DA:20,0
DA:21,0
DA:22,0
DA:23,0
DA:24,0
DA:25,0
DA:26,0
DA:27,0
DA:28,0
DA:29,0
DA:30,0
DA:31,0
DA:32,0
DA:33,1
DA:34,1
LF:34
LH:8
BRF:0
BRH:0
end_of_record
TN:
SF:src/services/user/userCreate.service.ts
FN:8,userCreateService
FNF:1
FNH:1
FNDA:2,userCreateService
DA:1,1
DA:2,1
DA:3,1
DA:4,1
DA:5,1
DA:6,1
DA:7,1
DA:8,1
DA:9,2
DA:10,2
DA:11,2
DA:12,2
DA:13,2
DA:14,2
DA:15,2
DA:16,2
DA:17,0
DA:18,0
DA:19,2
DA:20,2
DA:21,2
DA:22,2
DA:23,2
DA:24,2
DA:25,2
DA:26,2
DA:27,2
DA:28,2
DA:29,2
DA:30,2
DA:31,2
DA:32,2
DA:33,2
DA:34,2
DA:35,2
DA:36,2
DA:37,2
DA:38,1
DA:39,1
LF:39
LH:37
BRDA:8,0,0,2
BRDA:8,1,0,2
BRDA:16,2,0,0
BRF:3
BRH:2
end_of_record
TN:
SF:src/services/user/userDeleteSelf.service.ts
FN:4,userDeleteSelfService
FNF:1
FNH:0
FNDA:0,userDeleteSelfService
DA:1,1
DA:2,1
DA:3,1
DA:4,1
DA:5,0
DA:6,0
DA:7,0
DA:8,0
DA:9,0
DA:10,0
DA:11,0
DA:12,0
DA:13,0
DA:14,0
DA:15,1
DA:16,1
LF:16
LH:6
BRF:0
BRH:0
end_of_record
TN:
SF:src/services/user/userList.service.ts
FN:4,userListService
FNF:1
FNH:1
FNDA:2,userListService
DA:1,1
DA:2,1
DA:3,1
DA:4,1
DA:5,2
DA:6,2
DA:7,2
DA:8,2
DA:9,2
DA:10,2
DA:11,1
DA:12,1
LF:12
LH:12
BRDA:4,0,0,2
BRDA:4,1,0,2
BRF:2
BRH:2
end_of_record
TN:
SF:src/services/user/userListOne.service.ts
FN:4,userListOneService
FNF:1
FNH:0
FNDA:0,userListOneService
DA:1,1
DA:2,1
DA:3,1
DA:4,1
DA:5,0
DA:6,0
DA:7,0
DA:8,0
DA:9,0
DA:10,0
DA:11,0
DA:12,0
DA:13,1
DA:14,1
LF:14
LH:6
BRF:0
BRH:0
end_of_record
TN:
SF:src/services/user/userLogin.service.ts
FN:8,userLoginService
FNF:1
FNH:1
FNDA:1,userLoginService
DA:1,1
DA:2,1
DA:3,1
DA:4,1
DA:5,1
DA:6,1
DA:7,1
DA:8,1
DA:9,1
DA:10,1
DA:11,1
DA:12,1
DA:13,1
DA:14,1
DA:15,1
DA:16,0
DA:17,0
DA:18,1
DA:19,1
DA:20,1
DA:21,1
DA:22,0
DA:23,0
DA:24,1
DA:25,1
DA:26,1
DA:27,1
DA:28,1
DA:29,1
DA:30,1
DA:31,1
DA:32,1
LF:32
LH:28
BRDA:8,0,0,1
BRDA:8,1,0,1
BRDA:15,2,0,0
BRDA:21,3,0,0
BRDA:13,4,0,1
BRF:5
BRH:3
end_of_record
TN:
SF:src/services/user/userUpdate.service.ts
FN:6,userUpdateService
FNF:1
FNH:0
FNDA:0,userUpdateService
DA:1,1
DA:2,1
DA:3,1
DA:4,1
DA:5,1
DA:6,1
DA:7,0
DA:8,0
DA:9,0
DA:10,0
DA:11,0
DA:12,0
DA:13,0
DA:14,0
DA:15,0
DA:16,0
DA:17,0
DA:18,0
DA:19,0
DA:20,0
DA:21,0
DA:22,0
DA:23,1
DA:24,1
LF:24
LH:8
BRF:0
BRH:0
end_of_record
TN:
SF:src/utils/index.ts
FN:1,fixedFloat
FNF:1
FNH:0
FNDA:0,fixedFloat
DA:1,1
DA:2,0
DA:3,0
LF:3
LH:1
BRF:0
BRH:0
end_of_record
